// 重构日志: 0d0ae6a5
// 同步 ID: a14f2f83 @ Fri Jun 19 12:55:29 UTC 2026
// 重构日志: 8839672c
// 重构日志: cd55d13d
// 同步 ID: 32ba25bf @ Sat Jun 27 18:34:04 UTC 2026
// 重构日志: b462dde8
// 重构日志: 295b77dd
// 重构日志: 7c81bb45
// 重构日志: c4320a52
// 同步 ID: af4299b8 @ Sat Jul  4 08:19:19 UTC 2026
// 同步 ID: 0357dc58 @ Sat Jul  4 16:22:17 UTC 2026
// 重构日志: 092e0959
// 重构日志: 57f9edc0
// 重构日志: 6e34bed5
// 重构日志: 0b379a3b
// 重构日志: 5defcc46
// 重构日志: 23c954a0
// 同步 ID: 91d4b2e8 @ Tue Jul 14 12:00:01 UTC 2026
// 重构日志: f0e1d898
// 同步 ID: 0acc6f09 @ Wed Jul 15 13:47:56 UTC 2026
